2018-09-07 08:29:23,797  INFO [main] LoginTest:34 - ******** Starting Login Class Test Cases ***************
2018-09-07 08:29:30,219  INFO [main] LoginTest:40 - url is launched -- http://www.freecrm.com
2018-09-07 08:29:30,225  INFO [main] LoginTest:45 - Test - loginPageTitleTest - starting
2018-09-07 08:29:30,246  INFO [main] LoginTest:48 - login page title is: #1 Free CRM software in the cloud for sales and service
2018-09-07 08:29:30,359  INFO [main] LoginTest:67 - Browser is closed
2018-09-07 08:29:41,041  INFO [main] LoginTest:34 - ******** Starting Login Class Test Cases ***************
2018-09-07 08:29:47,050  INFO [main] LoginTest:40 - url is launched -- http://www.freecrm.com
2018-09-07 08:29:47,051  INFO [main] LoginTest:55 - Test - freeCrmLoginTest - starting
2018-09-07 08:29:47,052  INFO [main] LoginTest:56 - Username is: naveenk
2018-09-07 08:29:47,052  INFO [main] LoginTest:57 - Password is: test@123
2018-09-07 08:29:51,243  INFO [main] LoginTest:59 - Test - freeCrmLoginTest - ended
2018-09-07 08:29:51,334  INFO [main] LoginTest:67 - Browser is closed
2018-09-07 08:30:25,247 DEBUG [main] cache:45 - Couldn't find template in cache for "Extent.ftl"("en_US", UTF-8, parsed); will try to load it.
2018-09-07 08:30:25,248 DEBUG [main] cache:45 - TemplateLoader.findTemplateSource("Extent_en_US.ftl"): Not found
2018-09-07 08:30:25,250 DEBUG [main] cache:45 - TemplateLoader.findTemplateSource("Extent_en.ftl"): Not found
2018-09-07 08:30:25,252 DEBUG [main] cache:45 - TemplateLoader.findTemplateSource("Extent.ftl"): Found
2018-09-07 08:30:25,253 DEBUG [main] cache:45 - Loading template for "Extent.ftl"("en_US", UTF-8, parsed) from "jar:file:/Users/NaveenKhunteta/.m2/repository/com/relevantcodes/extentreports/2.41.2/extentreports-2.41.2.jar!/com/relevantcodes/extentreports/view/Extent.ftl"
2018-09-07 08:30:25,710 DEBUG [main] cache:45 - Couldn't find template in cache for "Extent.ftl"("en_US", UTF-8, parsed); will try to load it.
2018-09-07 08:30:25,711 DEBUG [main] cache:45 - TemplateLoader.findTemplateSource("Extent_en_US.ftl"): Not found
2018-09-07 08:30:25,711 DEBUG [main] cache:45 - TemplateLoader.findTemplateSource("Extent_en.ftl"): Not found
2018-09-07 08:30:25,711 DEBUG [main] cache:45 - TemplateLoader.findTemplateSource("Extent.ftl"): Found
2018-09-07 08:30:25,711 DEBUG [main] cache:45 - Loading template for "Extent.ftl"("en_US", UTF-8, parsed) from "jar:file:/Users/NaveenKhunteta/.m2/repository/com/relevantcodes/extentreports/2.41.2/extentreports-2.41.2.jar!/com/relevantcodes/extentreports/view/Extent.ftl"
